#
# A fatal error has been detected by the Java Runtime Environment:
#
#  EXCEPTION_ACCESS_VIOLATION (0xc0000005) at pc=0x6d166c40, pid=3664, tid=244
#
# JRE version: 6.0_25-b06
# Java VM: Java HotSpot(TM) Client VM (20.0-b11 mixed mode, sharing windows-x86 )
# Problematic frame:
# C  [awt.dll+0xb6c40]
#
# If you would like to submit a bug report, please visit:
#   http://java.sun.com/webapps/bugreport/crash.jsp
# The crash happened outside the Java Virtual Machine in native code.
# See problematic frame for where to report the bug.
#

---------------  T H R E A D  ---------------

Current thread (0x0173e000):  JavaThread "AWT-Windows" daemon [_thread_in_native, id=244, stack(0x03c10000,0x03c60000)]

siginfo: ExceptionCode=0xc0000005, reading address 0x00000000

Registers:
EAX=0x03c5f774, EBX=0x03e59cf8, ECX=0x0000006c, EDX=0x000000c0
ESP=0x03c5f75c, EBP=0x03c5f908, ESI=0x00000000, EDI=0x000000c0
EIP=0x6d166c40, EFLAGS=0x00010206

Top of Stack: (sp=0x03c5f75c)
0x03c5f75c:   03c5f774 00001000 00000412 03e1af38
0x03c5f76c:   00000015 00000412 03e1af38 6d15ee6b
0x03c5f77c:   00000000 03e5204c 03e1af38 03e1af38
0x03c5f78c:   03c5f76c 03c5f908 0000020d 00000412
0x03c5f79c:   03e1af38 6d16282f 44824000 44034000
0x03c5f7ac:   00000412 0000020d 03e52038 6d1632f1
0x03c5f7bc:   6d16378d 00000000 00000000 00000412
0x03c5f7cc:   00000015 00009825 0173e128 00000001 

Instructions: (pc=0x6d166c40)
0x6d166c20:   d8 56 8b b3 10 a0 00 00 1b c0 57 25 00 f0 ff ff
0x6d166c30:   05 00 20 00 00 50 c1 e2 05 8d 44 24 14 50 8b fa
0x6d166c40:   8b 16 57 c1 e1 05 51 56 ff 52 2c 85 c0 0f 8c 93
0x6d166c50:   00 00 00 8b 53 04 8b cf 8b 7c 24 10 8b c1 c1 e9 


Register to memory mapping:

EAX=0x03c5f774 is pointing into the stack for thread: 0x0173e000
EBX=0x03e59cf8 is an unknown value
ECX=0x0000006c is an unknown value
EDX=0x000000c0 is an unknown value
ESP=0x03c5f75c is pointing into the stack for thread: 0x0173e000
EBP=0x03c5f908 is pointing into the stack for thread: 0x0173e000
ESI=0x00000000 is an unknown value
EDI=0x000000c0 is an unknown value


Stack: [0x03c10000,0x03c60000],  sp=0x03c5f75c,  free space=317k
Native frames: (J=compiled Java code, j=interpreted, Vv=VM code, C=native code)
C  [awt.dll+0xb6c40]  D3DVertexCacher::Render+0x50
C  [awt.dll+0x9c8ca]  Java_sun_awt_windows_WToolkit_loadSystemColors+0x94a
C  [USER32.dll+0x186ef]  IsThreadDesktopComposited+0x11f
C  [USER32.dll+0x18876]  IsThreadDesktopComposited+0x2a6
C  [USER32.dll+0x170f4]  InflateRect+0x74
C  [USER32.dll+0x1738f]  DefWindowProcW+0x144
C  [ntdll.dll+0x4642e]  KiUserCallbackDispatcher+0x2e
C  [USER32.dll+0x192a9]  PeekMessageW+0xf4

Java frames: (J=compiled Java code, j=interpreted, Vv=VM code)
j  sun.awt.windows.WToolkit.eventLoop()V+0
j  sun.awt.windows.WToolkit.run()V+52
j  java.lang.Thread.run()V+11
v  ~StubRoutines::call_stub

---------------  P R O C E S S  ---------------

Java Threads: ( => current thread )
  0x016b6400 JavaThread "AWT-EventQueue-0" [_thread_in_native, id=3420, stack(0x09d90000,0x09de0000)]
  0x06b77000 JavaThread "D3D Screen Updater" daemon [_thread_blocked, id=2764, stack(0x078b0000,0x07900000)]
  0x03e85000 JavaThread "TimerQueue" daemon [_thread_blocked, id=3552, stack(0x06a90000,0x06ae0000)]
  0x00a79000 JavaThread "DestroyJavaVM" [_thread_blocked, id=3508, stack(0x00540000,0x00590000)]
=>0x0173e000 JavaThread "AWT-Windows" daemon [_thread_in_native, id=244, stack(0x03c10000,0x03c60000)]
  0x0173dc00 JavaThread "AWT-Shutdown" [_thread_blocked, id=2944, stack(0x03bc0000,0x03c10000)]
  0x0173d000 JavaThread "Java2D Disposer" daemon [_thread_blocked, id=2072, stack(0x03b20000,0x03b70000)]
  0x01721800 JavaThread "Low Memory Detector" daemon [_thread_blocked, id=128, stack(0x039c0000,0x03a10000)]
  0x01708000 JavaThread "C1 CompilerThread0" daemon [_thread_blocked, id=660, stack(0x03970000,0x039c0000)]
  0x01707000 JavaThread "Attach Listener" daemon [_thread_blocked, id=4060, stack(0x03920000,0x03970000)]
  0x01703c00 JavaThread "Signal Dispatcher" daemon [_thread_blocked, id=928, stack(0x038d0000,0x03920000)]
  0x016fe400 JavaThread "Finalizer" daemon [_thread_blocked, id=2408, stack(0x03880000,0x038d0000)]
  0x016f9c00 JavaThread "Reference Handler" daemon [_thread_blocked, id=1476, stack(0x03830000,0x03880000)]

Other Threads:
  0x016bd800 VMThread [stack: 0x037e0000,0x03830000] [id=1972]
  0x0172b000 WatcherThread [stack: 0x03a10000,0x03a60000] [id=2244]

VM state:not at safepoint (normal execution)

VM Mutex/Monitor currently owned by a thread: None

Heap
 def new generation   total 4928K, used 2411K [0x23710000, 0x23c60000, 0x28c60000)
  eden space 4416K,  52% used [0x23710000, 0x23957288, 0x23b60000)
  from space 512K,  15% used [0x23be0000, 0x23bf3bb8, 0x23c60000)
  to   space 512K,   0% used [0x23b60000, 0x23b60000, 0x23be0000)
 tenured generation   total 10944K, used 1861K [0x28c60000, 0x29710000, 0x33710000)
   the space 10944K,  17% used [0x28c60000, 0x28e316e8, 0x28e31800, 0x29710000)
 compacting perm gen  total 12288K, used 2106K [0x33710000, 0x34310000, 0x37710000)
   the space 12288K,  17% used [0x33710000, 0x3391e8b8, 0x3391ea00, 0x34310000)
    ro space 10240K,  54% used [0x37710000, 0x37c8e770, 0x37c8e800, 0x38110000)
    rw space 12288K,  55% used [0x38110000, 0x387b4ac8, 0x387b4c00, 0x38d10000)

Code Cache  [0x01780000, 0x018d8000, 0x03780000)
 total_blobs=794 nmethods=585 adapters=144 free_code_cache=32146176 largest_free_block=0

Dynamic libraries:
0x00400000 - 0x00424000 	C:\Program Files\Java\jdk1.6.0_25\bin\java.exe
0x776d0000 - 0x7780c000 	C:\Windows\SYSTEM32\ntdll.dll
0x773b0000 - 0x77484000 	C:\Windows\system32\kernel32.dll
0x75ad0000 - 0x75b1a000 	C:\Windows\system32\KERNELBASE.dll
0x77530000 - 0x775d0000 	C:\Windows\system32\ADVAPI32.dll
0x76540000 - 0x765ec000 	C:\Windows\system32\msvcrt.dll
0x75cf0000 - 0x75d09000 	C:\Windows\SYSTEM32\sechost.dll
0x77840000 - 0x778e1000 	C:\Windows\system32\RPCRT4.dll
0x7c340000 - 0x7c396000 	C:\Program Files\Java\jdk1.6.0_25\jre\bin\msvcr71.dll
0x6d8a0000 - 0x6db4f000 	C:\Program Files\Java\jdk1.6.0_25\jre\bin\client\jvm.dll
0x75eb0000 - 0x75f79000 	C:\Windows\system32\USER32.dll
0x762a0000 - 0x762ee000 	C:\Windows\system32\GDI32.dll
0x76180000 - 0x7618a000 	C:\Windows\system32\LPK.dll
0x77490000 - 0x7752d000 	C:\Windows\system32\USP10.dll
0x73b10000 - 0x73b42000 	C:\Windows\system32\WINMM.dll
0x77810000 - 0x7782f000 	C:\Windows\system32\IMM32.DLL
0x76420000 - 0x764ec000 	C:\Windows\system32\MSCTF.dll
0x75730000 - 0x7577b000 	C:\Windows\system32\apphelp.dll
0x6d850000 - 0x6d85c000 	C:\Program Files\Java\jdk1.6.0_25\jre\bin\verify.dll
0x6d3d0000 - 0x6d3ef000 	C:\Program Files\Java\jdk1.6.0_25\jre\bin\java.dll
0x773a0000 - 0x773a5000 	C:\Windows\system32\PSAPI.DLL
0x6d890000 - 0x6d89f000 	C:\Program Files\Java\jdk1.6.0_25\jre\bin\zip.dll
0x6d0b0000 - 0x6d1fb000 	C:\Program Files\Java\jdk1.6.0_25\jre\bin\awt.dll
0x6f290000 - 0x6f2e1000 	C:\Windows\system32\WINSPOOL.DRV
0x765f0000 - 0x7674c000 	C:\Windows\system32\ole32.dll
0x74570000 - 0x7470e000 	C:\Windows\WinSxS\x86_microsoft.windows.common-controls_6595b64144ccf1df_6.0.7600.16385_none_421189da2b7fabfc\COMCTL32.dll
0x75d10000 - 0x75d67000 	C:\Windows\system32\SHLWAPI.dll
0x74210000 - 0x74223000 	C:\Windows\system32\DWMAPI.DLL
0x744f0000 - 0x74530000 	C:\Windows\system32\uxtheme.dll
0x75810000 - 0x7581c000 	C:\Windows\system32\CRYPTBASE.dll
0x76750000 - 0x77399000 	C:\Windows\system32\shell32.dll
0x6d2e0000 - 0x6d32f000 	C:\Program Files\Java\jdk1.6.0_25\jre\bin\fontmanager.dll
0x6d6b0000 - 0x6d6c3000 	C:\Program Files\Java\jdk1.6.0_25\jre\bin\net.dll
0x762f0000 - 0x76325000 	C:\Windows\system32\WS2_32.dll
0x778f0000 - 0x778f6000 	C:\Windows\system32\NSI.dll
0x75290000 - 0x752cc000 	C:\Windows\system32\mswsock.dll
0x75280000 - 0x75286000 	C:\Windows\System32\wship6.dll
0x6d6d0000 - 0x6d6d9000 	C:\Program Files\Java\jdk1.6.0_25\jre\bin\nio.dll
0x73740000 - 0x73903000 	C:\Windows\system32\d3d9.dll
0x74ce0000 - 0x74ce9000 	C:\Windows\system32\VERSION.dll
0x739a0000 - 0x739a6000 	C:\Windows\system32\d3d8thk.dll
0x6ccb0000 - 0x6cd5a000 	C:\Windows\system32\aticfx32.dll
0x73990000 - 0x7399a000 	C:\Windows\system32\atiu9pag.dll
0x68520000 - 0x6893f000 	C:\Windows\system32\atiumdag.dll
0x6aa40000 - 0x6ada7000 	C:\Windows\system32\atiumdva.dll
0x76210000 - 0x7629f000 	C:\Windows\system32\OLEAUT32.DLL
0x76390000 - 0x76413000 	C:\Windows\system32\CLBCatQ.DLL
0x74db0000 - 0x74db5000 	C:\Windows\System32\wshtcpip.dll

VM Arguments:
jvm_args: -Dfile.encoding=UTF-8 
java_command: javaheart.JavaHeartApp
Launcher Type: SUN_STANDARD

Environment Variables:
PATH=C:\Program Files\AMD APP\bin\x86;C:\Windows\system32;C:\Windows;C:\Windows\System32\Wbem;C:\Windows\System32\WindowsPowerShell\v1.0\;C:\Program Files\ATI Technologies\ATI.ACE\Core-Static
USERNAME=MItHOt
OS=Windows_NT
PROCESSOR_IDENTIFIER=x86 Family 6 Model 37 Stepping 2, GenuineIntel



---------------  S Y S T E M  ---------------

OS: Windows 7 Build 7600 

CPU:total 4 (2 cores per cpu, 2 threads per core) family 6 model 37 stepping 2, cmov, cx8, fxsr, mmx, sse, sse2, sse3, ssse3, sse4.1, sse4.2, popcnt, ht

Memory: 4k page, physical 2022104k(1188236k free), swap 4044208k(2671840k free)

vm_info: Java HotSpot(TM) Client VM (20.0-b11) for windows-x86 JRE (1.6.0_25-b06), built on Apr 14 2011 01:04:32 by "java_re" with MS VC++ 7.1 (VS2003)

time: Fri Jun 10 17:29:54 2011
elapsed time: 4103 seconds

